{
  "stats": {
    "suites": 36,
    "tests": 22,
    "passes": 22,
    "pending": 0,
    "failures": 0,
    "start": "2018-06-12T03:29:15.896Z",
    "end": "2018-06-12T03:29:16.239Z",
    "duration": 343,
    "testsRegistered": 22,
    "passPercent": 100,
    "pendingPercent": 0,
    "other": 0,
    "hasOther": false,
    "skipped": 0,
    "hasSkipped": false,
    "passPercentClass": "success",
    "pendingPercentClass": "danger"
  },
  "suites": {
    "uuid": "10b96d46-1fe3-41b9-b105-8bca53038b21",
    "title": "",
    "fullFile": "",
    "file": "",
    "beforeHooks": [],
    "afterHooks": [],
    "tests": [],
    "suites": [
      {
        "uuid": "efc8825c-95bb-4d7f-bc8b-1d090dbcdfa6",
        "title": "Analyzer",
        "fullFile": "/home/kurt/Dev/js/miascript/test/src/analyzer.coffee",
        "file": "/test/src/analyzer.coffee",
        "beforeHooks": [],
        "afterHooks": [],
        "tests": [],
        "suites": [
          {
            "uuid": "8eb939ea-e4c9-4d22-8174-8aec79e88560",
            "title": "@analyze",
            "fullFile": "/home/kurt/Dev/js/miascript/test/src/analyzer.coffee",
            "file": "/test/src/analyzer.coffee",
            "beforeHooks": [],
            "afterHooks": [],
            "tests": [
              {
                "title": "should work",
                "fullTitle": "Analyzer @analyze should work",
                "timedOut": false,
                "duration": 5,
                "state": "passed",
                "speed": "fast",
                "pass": true,
                "fail": false,
                "pending": false,
                "code": "var ast;\nast = analyze(data);\nreturn $$._($$.stringify(ast, null, 2));",
                "err": {},
                "isRoot": false,
                "uuid": "9cd0a9d1-a3e6-4551-8922-7f59cdadcae2",
                "isHook": false,
                "skipped": false
              }
            ],
            "suites": [],
            "passes": [
              "9cd0a9d1-a3e6-4551-8922-7f59cdadcae2"
            ],
            "failures": [],
            "pending": [],
            "skipped": [],
            "duration": 5,
            "root": false,
            "rootEmpty": false,
            "_timeout": 2000
          }
        ],
        "passes": [],
        "failures": [],
        "pending": [],
        "skipped": [],
        "duration": 0,
        "root": false,
        "rootEmpty": false,
        "_timeout": 2000
      },
      {
        "uuid": "d7f23db5-120c-4150-959e-7c186b1d3713",
        "title": "Array",
        "fullFile": "/home/kurt/Dev/js/miascript/test/src/array.coffee",
        "file": "/test/src/array.coffee",
        "beforeHooks": [],
        "afterHooks": [],
        "tests": [],
        "suites": [
          {
            "uuid": "bbd2c31f-0398-47f9-82c3-810f3d05fd6c",
            "title": "@evaluate",
            "fullFile": "/home/kurt/Dev/js/miascript/test/src/array.coffee",
            "file": "/test/src/array.coffee",
            "beforeHooks": [],
            "afterHooks": [],
            "tests": [
              {
                "title": "should work",
                "fullTitle": "Array @evaluate should work",
                "timedOut": false,
                "duration": 18,
                "state": "passed",
                "speed": "fast",
                "pass": true,
                "fail": false,
                "pending": false,
                "code": "//$$._ lex data\n//$$._ JSON.stringify (parse data), null, 2\n$$._(JSON.stringify(analyze(data), null, 2));\n//$$._ transpile data\n$$._(compile(data));\nreturn evaluate(data);",
                "err": {},
                "isRoot": false,
                "uuid": "2c88539f-ef56-4dde-9d5e-ec08e583e583",
                "isHook": false,
                "skipped": false
              }
            ],
            "suites": [],
            "passes": [
              "2c88539f-ef56-4dde-9d5e-ec08e583e583"
            ],
            "failures": [],
            "pending": [],
            "skipped": [],
            "duration": 18,
            "root": false,
            "rootEmpty": false,
            "_timeout": 2000
          }
        ],
        "passes": [],
        "failures": [],
        "pending": [],
        "skipped": [],
        "duration": 0,
        "root": false,
        "rootEmpty": false,
        "_timeout": 2000
      },
      {
        "uuid": "2ce874d5-b4be-44b5-ab02-55868ca542bb",
        "title": "Assert",
        "fullFile": "/home/kurt/Dev/js/miascript/test/src/assert.coffee",
        "file": "/test/src/assert.coffee",
        "beforeHooks": [],
        "afterHooks": [],
        "tests": [],
        "suites": [
          {
            "uuid": "84e5d604-198d-40cf-a1f4-743a5d1b2d79",
            "title": "@evaluate",
            "fullFile": "/home/kurt/Dev/js/miascript/test/src/assert.coffee",
            "file": "/test/src/assert.coffee",
            "beforeHooks": [],
            "afterHooks": [],
            "tests": [
              {
                "title": "should work",
                "fullTitle": "Assert @evaluate should work",
                "timedOut": false,
                "duration": 26,
                "state": "passed",
                "speed": "fast",
                "pass": true,
                "fail": false,
                "pending": false,
                "code": "//$$._ lex data\n//$$._ JSON.stringify (parse data), null, 2\n$$._(JSON.stringify(analyze(data), null, 2));\n//$$._ transpile data\n$$._(compile(data));\nreturn evaluate(data);",
                "err": {},
                "isRoot": false,
                "uuid": "2685ea40-2852-4e61-91f6-01caf7587dc7",
                "isHook": false,
                "skipped": false
              }
            ],
            "suites": [],
            "passes": [
              "2685ea40-2852-4e61-91f6-01caf7587dc7"
            ],
            "failures": [],
            "pending": [],
            "skipped": [],
            "duration": 26,
            "root": false,
            "rootEmpty": false,
            "_timeout": 2000
          }
        ],
        "passes": [],
        "failures": [],
        "pending": [],
        "skipped": [],
        "duration": 0,
        "root": false,
        "rootEmpty": false,
        "_timeout": 2000
      },
      {
        "uuid": "08549355-04e1-4980-9954-906524dc3476",
        "title": "AST",
        "fullFile": "/home/kurt/Dev/js/miascript/test/src/ast.coffee",
        "file": "/test/src/ast.coffee",
        "beforeHooks": [],
        "afterHooks": [],
        "tests": [],
        "suites": [
          {
            "uuid": "e8f54c4a-2109-47bd-8998-76a705da32b0",
            "title": "@evaluate",
            "fullFile": "/home/kurt/Dev/js/miascript/test/src/ast.coffee",
            "file": "/test/src/ast.coffee",
            "beforeHooks": [],
            "afterHooks": [],
            "tests": [
              {
                "title": "should work",
                "fullTitle": "AST @evaluate should work",
                "timedOut": false,
                "duration": 1,
                "state": "passed",
                "speed": "fast",
                "pass": true,
                "fail": false,
                "pending": false,
                "code": "var ast;\nast = parse(data);\nreturn $$._($$.stringify(ast, null, 2));",
                "err": {},
                "isRoot": false,
                "uuid": "8faf2863-07ac-4dc2-84bf-4900a995336f",
                "isHook": false,
                "skipped": false
              }
            ],
            "suites": [],
            "passes": [
              "8faf2863-07ac-4dc2-84bf-4900a995336f"
            ],
            "failures": [],
            "pending": [],
            "skipped": [],
            "duration": 1,
            "root": false,
            "rootEmpty": false,
            "_timeout": 2000
          }
        ],
        "passes": [],
        "failures": [],
        "pending": [],
        "skipped": [],
        "duration": 0,
        "root": false,
        "rootEmpty": false,
        "_timeout": 2000
      },
      {
        "uuid": "47cd3649-47fa-47f9-a672-ec1d8e141f18",
        "title": "Blox",
        "fullFile": "/home/kurt/Dev/js/miascript/test/src/blox.coffee",
        "file": "/test/src/blox.coffee",
        "beforeHooks": [],
        "afterHooks": [],
        "tests": [
          {
            "title": "should work",
            "fullTitle": "Blox should work",
            "timedOut": false,
            "duration": 55,
            "state": "passed",
            "speed": "medium",
            "pass": true,
            "fail": false,
            "pending": false,
            "code": "//$$._ lex data\n//$$._ JSON.stringify (parse data), null, 2\n//$$._ JSON.stringify (transform data), null, 2\n//$$._ JSON.stringify (analyze data), null, 2\n$$._(transpile(data));\n//$$._ compile data\nreturn evaluate(data);",
            "err": {},
            "isRoot": false,
            "uuid": "9e9d43f0-eee4-4ab0-bbc6-13e59794ba80",
            "isHook": false,
            "skipped": false
          }
        ],
        "suites": [],
        "passes": [
          "9e9d43f0-eee4-4ab0-bbc6-13e59794ba80"
        ],
        "failures": [],
        "pending": [],
        "skipped": [],
        "duration": 55,
        "root": false,
        "rootEmpty": false,
        "_timeout": 2000
      },
      {
        "uuid": "f6ff21e6-7e3a-4321-94b6-bd5e286f4b31",
        "title": "BoundClause",
        "fullFile": "/home/kurt/Dev/js/miascript/test/src/boundclause.coffee",
        "file": "/test/src/boundclause.coffee",
        "beforeHooks": [],
        "afterHooks": [],
        "tests": [
          {
            "title": "should work",
            "fullTitle": "BoundClause should work",
            "timedOut": false,
            "duration": 12,
            "state": "passed",
            "speed": "fast",
            "pass": true,
            "fail": false,
            "pending": false,
            "code": "//$$._ lex data\n$$._(JSON.stringify(parse(data), null, 2));\n//$$._ JSON.stringify (transform data), null, 2\n//$$._ JSON.stringify (analyze data), null, 2\n//$$._ transpile data\n//$$._ compile data\nreturn evaluate(data);",
            "err": {},
            "isRoot": false,
            "uuid": "47bc1435-c570-405e-a613-6338c3e7f62d",
            "isHook": false,
            "skipped": false
          }
        ],
        "suites": [],
        "passes": [
          "47bc1435-c570-405e-a613-6338c3e7f62d"
        ],
        "failures": [],
        "pending": [],
        "skipped": [],
        "duration": 12,
        "root": false,
        "rootEmpty": false,
        "_timeout": 2000
      },
      {
        "uuid": "bcdafeaa-23a1-446a-8d27-0c6fe3f569cb",
        "title": "Clause",
        "fullFile": "/home/kurt/Dev/js/miascript/test/src/clause.coffee",
        "file": "/test/src/clause.coffee",
        "beforeHooks": [],
        "afterHooks": [],
        "tests": [],
        "suites": [
          {
            "uuid": "872ae0f4-cd1a-4fc8-a545-ac99e4552f19",
            "title": "@evaluate",
            "fullFile": "/home/kurt/Dev/js/miascript/test/src/clause.coffee",
            "file": "/test/src/clause.coffee",
            "beforeHooks": [],
            "afterHooks": [],
            "tests": [
              {
                "title": "should work",
                "fullTitle": "Clause @evaluate should work",
                "timedOut": false,
                "duration": 13,
                "state": "passed",
                "speed": "fast",
                "pass": true,
                "fail": false,
                "pending": false,
                "code": "//$$._ JSON.stringify (parse data), null, 2\n$$._(JSON.stringify(analyze(data), null, 2));\n$$._(transpile(data));\nreturn $$._(compile(data));",
                "err": {},
                "isRoot": false,
                "uuid": "29987ac6-4675-4eaa-ae5a-a5746da3036c",
                "isHook": false,
                "skipped": false
              }
            ],
            "suites": [],
            "passes": [
              "29987ac6-4675-4eaa-ae5a-a5746da3036c"
            ],
            "failures": [],
            "pending": [],
            "skipped": [],
            "duration": 13,
            "root": false,
            "rootEmpty": false,
            "_timeout": 2000
          }
        ],
        "passes": [],
        "failures": [],
        "pending": [],
        "skipped": [],
        "duration": 0,
        "root": false,
        "rootEmpty": false,
        "_timeout": 2000
      },
      {
        "uuid": "cb7c1959-a7d2-4ea4-b5dc-b3a87403751d",
        "title": "DefParser",
        "fullFile": "/home/kurt/Dev/js/miascript/test/src/defparser.coffee",
        "file": "/test/src/defparser.coffee",
        "beforeHooks": [],
        "afterHooks": [],
        "tests": [],
        "suites": [
          {
            "uuid": "01721fad-fc47-4540-9b11-06f7e5f87f53",
            "title": "@parse",
            "fullFile": "/home/kurt/Dev/js/miascript/test/src/defparser.coffee",
            "file": "/test/src/defparser.coffee",
            "beforeHooks": [],
            "afterHooks": [],
            "tests": [
              {
                "title": "should work",
                "fullTitle": "DefParser @parse should work",
                "timedOut": false,
                "duration": 1,
                "state": "passed",
                "speed": "fast",
                "pass": true,
                "fail": false,
                "pending": false,
                "code": "var ast, data, err, lexer, parser, terminals, tok;\n$$.h2('Data');\ndata = \"say $t\";\n$$._(data);\n$$.h2('Lex');\nterminals = grammar.parser.terminals_;\nlexer = new MiaLexer();\nlexer.setInput(data);\nwhile ((tok = lexer.lex()) !== lexer.EOF) {\n  $$._(terminals[tok]);\n}\n$$.h2('Parse');\nparser = new MiaParser(lexer, yy);\ntry {\n  ast = parser.parse(data);\n} catch (error) {\n  err = error;\n  $$._(err.message);\n  $$._(err.hash);\n}\n$$.h2('AST');\nreturn $$._(JSON.stringify(ast, null, 2));",
                "err": {},
                "isRoot": false,
                "uuid": "0ff9f076-bd1a-449e-bee9-bdfb7b7a3520",
                "isHook": false,
                "skipped": false
              }
            ],
            "suites": [],
            "passes": [
              "0ff9f076-bd1a-449e-bee9-bdfb7b7a3520"
            ],
            "failures": [],
            "pending": [],
            "skipped": [],
            "duration": 1,
            "root": false,
            "rootEmpty": false,
            "_timeout": 2000
          }
        ],
        "passes": [],
        "failures": [],
        "pending": [],
        "skipped": [],
        "duration": 0,
        "root": false,
        "rootEmpty": false,
        "_timeout": 2000
      },
      {
        "uuid": "62fd3f4e-4d5b-480d-b269-1154a528ef28",
        "title": "Assert",
        "fullFile": "/home/kurt/Dev/js/miascript/test/src/iassert.coffee",
        "file": "/test/src/iassert.coffee",
        "beforeHooks": [],
        "afterHooks": [],
        "tests": [],
        "suites": [
          {
            "uuid": "b21a8c0c-40d6-43cc-a467-9ef82fe9fbb5",
            "title": "@evaluate",
            "fullFile": "/home/kurt/Dev/js/miascript/test/src/iassert.coffee",
            "file": "/test/src/iassert.coffee",
            "beforeHooks": [],
            "afterHooks": [],
            "tests": [
              {
                "title": "should work",
                "fullTitle": "Assert @evaluate should work",
                "timedOut": false,
                "duration": 14,
                "state": "passed",
                "speed": "fast",
                "pass": true,
                "fail": false,
                "pending": false,
                "code": "$$._(lex(data));\n//$$._ JSON.stringify (parse data), null, 2\n$$._(JSON.stringify(analyze(data), null, 2));\n$$._(transpile(data));\nreturn $$._(compile(data));",
                "err": {},
                "isRoot": false,
                "uuid": "54b6105a-8cc9-4e7e-aba2-965d207b0e14",
                "isHook": false,
                "skipped": false
              }
            ],
            "suites": [],
            "passes": [
              "54b6105a-8cc9-4e7e-aba2-965d207b0e14"
            ],
            "failures": [],
            "pending": [],
            "skipped": [],
            "duration": 14,
            "root": false,
            "rootEmpty": false,
            "_timeout": 2000
          }
        ],
        "passes": [],
        "failures": [],
        "pending": [],
        "skipped": [],
        "duration": 0,
        "root": false,
        "rootEmpty": false,
        "_timeout": 2000
      },
      {
        "uuid": "f354ecd4-fb3c-4ec2-81f1-c15dbf34f786",
        "title": "Impasse",
        "fullFile": "/home/kurt/Dev/js/miascript/test/src/impasse.coffee",
        "file": "/test/src/impasse.coffee",
        "beforeHooks": [],
        "afterHooks": [],
        "tests": [
          {
            "title": "should work",
            "fullTitle": "Impasse should work",
            "timedOut": false,
            "duration": 11,
            "state": "passed",
            "speed": "fast",
            "pass": true,
            "fail": false,
            "pending": false,
            "code": "//$$._ lex data\n//$$._ JSON.stringify (parse data), null, 2\n$$._(JSON.stringify(transform(data), null, 2));\n//$$._ JSON.stringify (analyze data), null, 2\n$$._(transpile(data));\n//$$._ compile data\nreturn evaluate(data);",
            "err": {},
            "isRoot": false,
            "uuid": "a0898fc8-76e5-46fa-8a5c-872c8e49610c",
            "isHook": false,
            "skipped": false
          }
        ],
        "suites": [],
        "passes": [
          "a0898fc8-76e5-46fa-8a5c-872c8e49610c"
        ],
        "failures": [],
        "pending": [],
        "skipped": [],
        "duration": 11,
        "root": false,
        "rootEmpty": false,
        "_timeout": 2000
      },
      {
        "uuid": "e5636167-a9d8-4b71-a5ad-1098ed792e04",
        "title": "MiaCompiler",
        "fullFile": "/home/kurt/Dev/js/miascript/test/src/mia2coffee.coffee",
        "file": "/test/src/mia2coffee.coffee",
        "beforeHooks": [],
        "afterHooks": [],
        "tests": [],
        "suites": [
          {
            "uuid": "eb93c56a-4f29-4935-9063-a63bdff018e9",
            "title": "to coffeescript",
            "fullFile": "/home/kurt/Dev/js/miascript/test/src/mia2coffee.coffee",
            "file": "/test/src/mia2coffee.coffee",
            "beforeHooks": [],
            "afterHooks": [],
            "tests": [
              {
                "title": "should work",
                "fullTitle": "MiaCompiler to coffeescript should work",
                "timedOut": false,
                "duration": 11,
                "state": "passed",
                "speed": "fast",
                "pass": true,
                "fail": false,
                "pending": false,
                "code": "var ast, code, data, err, js, lexer, parser, stringer, terminals, tok;\n$$.h2('Data');\ndata = \"def (hello)\\n\\n  def (say $t)\\n    | $t\\n\\n  say \\\"Hello World\\\"\\n  say \\\"Goodbye World\\\"\\n\\nhello\";\n$$._(data);\n$$.h2('Lex');\nterminals = grammar.parser.terminals_;\nlexer = new MiaLexer();\nlexer.setInput(data);\nwhile ((tok = lexer.lex()) !== lexer.EOF) {\n  $$._(terminals[tok]);\n}\n$$.h2('Parse');\nparser = new MiaParser(lexer, yy);\ntry {\n  ast = parser.parse(data);\n} catch (error) {\n  err = error;\n  $$._(err.message);\n  $$._(err.hash);\n}\n$$.h2('AST');\n$$._(JSON.stringify(ast, null, 2));\n$$.h2('Transpile');\nstringer = new Stringer();\ncompiler = new MiaCompiler(stringer);\ncompiler.compile(ast);\ncode = stringer.toString();\n$$._(code);\n$$.h2('Compile');\njs = CoffeeScript.compile(code);\nreturn $$._(js);",
                "err": {},
                "isRoot": false,
                "uuid": "94dd6b4a-4f92-43a4-8701-795c7120ab5d",
                "isHook": false,
                "skipped": false
              }
            ],
            "suites": [],
            "passes": [
              "94dd6b4a-4f92-43a4-8701-795c7120ab5d"
            ],
            "failures": [],
            "pending": [],
            "skipped": [],
            "duration": 11,
            "root": false,
            "rootEmpty": false,
            "_timeout": 2000
          }
        ],
        "passes": [],
        "failures": [],
        "pending": [],
        "skipped": [],
        "duration": 0,
        "root": false,
        "rootEmpty": false,
        "_timeout": 2000
      },
      {
        "uuid": "e3972e19-088e-43af-9360-b40b79a011a5",
        "title": "MiaCompiler",
        "fullFile": "/home/kurt/Dev/js/miascript/test/src/miacompiler.coffee",
        "file": "/test/src/miacompiler.coffee",
        "beforeHooks": [],
        "afterHooks": [],
        "tests": [],
        "suites": [
          {
            "uuid": "8e3c91b4-49ca-478e-afe6-d558c19e3a79",
            "title": "@compile",
            "fullFile": "/home/kurt/Dev/js/miascript/test/src/miacompiler.coffee",
            "file": "/test/src/miacompiler.coffee",
            "beforeHooks": [],
            "afterHooks": [],
            "tests": [
              {
                "title": "should work",
                "fullTitle": "MiaCompiler @compile should work",
                "timedOut": false,
                "duration": 4,
                "state": "passed",
                "speed": "fast",
                "pass": true,
                "fail": false,
                "pending": false,
                "code": "/*\nParser\n*/\nvar ast, data, err, lexer, out, parser, terminals, tok;\nterminals = grammar.parser.terminals_;\nlexer = new MiaLexer();\ndata = \"def (hello)\\n\\n  def (say $t)\\n    | $t\\n\\n  say \\\"Hello World\\\"\\n  say \\\"Goodbye World\\\"\\n\\nhello\";\n$$.h2('Data Begin');\n$$._(data);\n$$.h2('Data End');\n$$.h2('Lex Begin');\nlexer.setInput(data);\nwhile ((tok = lexer.lex()) !== lexer.EOF) {\n  $$._(terminals[tok]);\n}\n$$.h2('Lex End');\nparser = new MiaParser(lexer, yy);\n$$.h2('Parse Begin');\ntry {\n  ast = parser.parse(data);\n} catch (error) {\n  err = error;\n  $$._(err.message);\n  $$._(err.hash);\n}\n$$.h2('Parse End');\n$$.h2('AST Begin');\n$$._(JSON.stringify(ast, null, 2));\n$$.h2('AST End');\n$$.h2('Compiler Begin');\n\nout = process.stdout;\n\ncompiler = new MiaCompiler(out);\nreturn compiler.compile(ast);",
                "err": {},
                "isRoot": false,
                "uuid": "97c1fc20-7376-400b-8ece-aff6dd1508dd",
                "isHook": false,
                "skipped": false
              }
            ],
            "suites": [],
            "passes": [
              "97c1fc20-7376-400b-8ece-aff6dd1508dd"
            ],
            "failures": [],
            "pending": [],
            "skipped": [],
            "duration": 4,
            "root": false,
            "rootEmpty": false,
            "_timeout": 2000
          }
        ],
        "passes": [],
        "failures": [],
        "pending": [],
        "skipped": [],
        "duration": 0,
        "root": false,
        "rootEmpty": false,
        "_timeout": 2000
      },
      {
        "uuid": "1d9562f2-ef34-409a-92ac-78844986fc53",
        "title": "MiaLexer",
        "fullFile": "/home/kurt/Dev/js/miascript/test/src/mialexer.coffee",
        "file": "/test/src/mialexer.coffee",
        "beforeHooks": [],
        "afterHooks": [],
        "tests": [],
        "suites": [
          {
            "uuid": "3150356e-6845-4f00-a3db-af243c8c5c1c",
            "title": "@lex",
            "fullFile": "/home/kurt/Dev/js/miascript/test/src/mialexer.coffee",
            "file": "/test/src/mialexer.coffee",
            "beforeHooks": [],
            "afterHooks": [],
            "tests": [
              {
                "title": "should work",
                "fullTitle": "MiaLexer @lex should work",
                "timedOut": false,
                "duration": 1,
                "state": "passed",
                "speed": "fast",
                "pass": true,
                "fail": false,
                "pending": false,
                "code": "var data, lexer, results, terminals, tok;\nterminals = grammar.parser.terminals_;\nlexer = new MiaLexer();\ndata = \"def (hello)\\n\\n  def (say $t)\\n    | $$._($t);\\n\\n  say \\\"Hello World\\\"\\n  say \\\"Goodbye World\\\"\\n\\nhello\";\n$$.h2('Data');\n$$._(data);\n$$.h2('Tokens');\nlexer.setInput(data);\nresults = [];\nwhile ((tok = lexer.lex()) !== lexer.EOF) {\n  results.push($$._(terminals[tok]));\n}\nreturn results;",
                "err": {},
                "isRoot": false,
                "uuid": "a0059161-d056-4ba3-b17b-a2687e0f7601",
                "isHook": false,
                "skipped": false
              }
            ],
            "suites": [],
            "passes": [
              "a0059161-d056-4ba3-b17b-a2687e0f7601"
            ],
            "failures": [],
            "pending": [],
            "skipped": [],
            "duration": 1,
            "root": false,
            "rootEmpty": false,
            "_timeout": 2000
          }
        ],
        "passes": [],
        "failures": [],
        "pending": [],
        "skipped": [],
        "duration": 0,
        "root": false,
        "rootEmpty": false,
        "_timeout": 2000
      },
      {
        "uuid": "efab9a4f-f93c-4d90-8e08-106564138560",
        "title": "MiaParser",
        "fullFile": "/home/kurt/Dev/js/miascript/test/src/miaparser.coffee",
        "file": "/test/src/miaparser.coffee",
        "beforeHooks": [],
        "afterHooks": [],
        "tests": [],
        "suites": [
          {
            "uuid": "027d91aa-bcd3-4cfd-9d15-c8cce13a44fd",
            "title": "@parse",
            "fullFile": "/home/kurt/Dev/js/miascript/test/src/miaparser.coffee",
            "file": "/test/src/miaparser.coffee",
            "beforeHooks": [],
            "afterHooks": [],
            "tests": [
              {
                "title": "should work",
                "fullTitle": "MiaParser @parse should work",
                "timedOut": false,
                "duration": 1,
                "state": "passed",
                "speed": "fast",
                "pass": true,
                "fail": false,
                "pending": false,
                "code": "/*\nParser\n*/\nvar ast, data, err, lexer, parser, terminals, tok;\nterminals = grammar.parser.terminals_;\nlexer = new MiaLexer();\n$$.h2('Data');\ndata = \"def (hello)\\n\\n  def (say $t)\\n    | $t\\n\\n  say \\\"Hello World\\\"\\n  say \\\"Goodbye World\\\"\\n\\nhello\";\n$$._(data);\n$$.h2('Lex');\nlexer.setInput(data);\nwhile ((tok = lexer.lex()) !== lexer.EOF) {\n  $$._(terminals[tok]);\n}\nparser = new MiaParser(lexer, yy);\n$$.h2('Parse');\ntry {\n  ast = parser.parse(data);\n} catch (error) {\n  err = error;\n  $$._(err.message);\n  $$._(err.hash);\n}\n$$.h2('AST');\nreturn $$._(JSON.stringify(ast, null, 2));",
                "err": {},
                "isRoot": false,
                "uuid": "2d97cff7-43dc-4ea4-a1fb-8d3c8d0ad5d0",
                "isHook": false,
                "skipped": false
              }
            ],
            "suites": [],
            "passes": [
              "2d97cff7-43dc-4ea4-a1fb-8d3c8d0ad5d0"
            ],
            "failures": [],
            "pending": [],
            "skipped": [],
            "duration": 1,
            "root": false,
            "rootEmpty": false,
            "_timeout": 2000
          }
        ],
        "passes": [],
        "failures": [],
        "pending": [],
        "skipped": [],
        "duration": 0,
        "root": false,
        "rootEmpty": false,
        "_timeout": 2000
      },
      {
        "uuid": "13bde630-e16d-433b-b955-0ea7afbad798",
        "title": "MiaScript",
        "fullFile": "/home/kurt/Dev/js/miascript/test/src/miascript.coffee",
        "file": "/test/src/miascript.coffee",
        "beforeHooks": [],
        "afterHooks": [],
        "tests": [],
        "suites": [
          {
            "uuid": "1ab88800-687c-4d0d-8d3b-e45dc1705465",
            "title": "@parse",
            "fullFile": "/home/kurt/Dev/js/miascript/test/src/miascript.coffee",
            "file": "/test/src/miascript.coffee",
            "beforeHooks": [],
            "afterHooks": [],
            "tests": [
              {
                "title": "should work",
                "fullTitle": "MiaScript @parse should work",
                "timedOut": false,
                "duration": 1,
                "state": "passed",
                "speed": "fast",
                "pass": true,
                "fail": false,
                "pending": false,
                "code": "$$.h2('Parse');\nreturn $$._(JSON.stringify(parse(data), null, 2));",
                "err": {},
                "isRoot": false,
                "uuid": "c53a843b-7247-40b2-89f9-bf71e44d569c",
                "isHook": false,
                "skipped": false
              }
            ],
            "suites": [],
            "passes": [
              "c53a843b-7247-40b2-89f9-bf71e44d569c"
            ],
            "failures": [],
            "pending": [],
            "skipped": [],
            "duration": 1,
            "root": false,
            "rootEmpty": false,
            "_timeout": 2000
          },
          {
            "uuid": "252b60bc-cb1e-4760-89b1-402685e4664f",
            "title": "@transform",
            "fullFile": "/home/kurt/Dev/js/miascript/test/src/miascript.coffee",
            "file": "/test/src/miascript.coffee",
            "beforeHooks": [],
            "afterHooks": [],
            "tests": [
              {
                "title": "should work",
                "fullTitle": "MiaScript @transform should work",
                "timedOut": false,
                "duration": 2,
                "state": "passed",
                "speed": "fast",
                "pass": true,
                "fail": false,
                "pending": false,
                "code": "$$.h2('Transform');\nreturn $$._(JSON.stringify(transform(data), null, 2));",
                "err": {},
                "isRoot": false,
                "uuid": "f308e51f-4735-461d-a04e-5560b8644719",
                "isHook": false,
                "skipped": false
              }
            ],
            "suites": [],
            "passes": [
              "f308e51f-4735-461d-a04e-5560b8644719"
            ],
            "failures": [],
            "pending": [],
            "skipped": [],
            "duration": 2,
            "root": false,
            "rootEmpty": false,
            "_timeout": 2000
          },
          {
            "uuid": "42f91d20-1bb8-4245-8d26-b0066d72d35e",
            "title": "@compile",
            "fullFile": "/home/kurt/Dev/js/miascript/test/src/miascript.coffee",
            "file": "/test/src/miascript.coffee",
            "beforeHooks": [],
            "afterHooks": [],
            "tests": [
              {
                "title": "should work",
                "fullTitle": "MiaScript @compile should work",
                "timedOut": false,
                "duration": 21,
                "state": "passed",
                "speed": "fast",
                "pass": true,
                "fail": false,
                "pending": false,
                "code": "var code;\n$$.h2('Code');\ncode = compile(data);\nreturn $$._(code);",
                "err": {},
                "isRoot": false,
                "uuid": "bd457ece-f1ac-4258-bc38-2b2e22d2e54d",
                "isHook": false,
                "skipped": false
              }
            ],
            "suites": [],
            "passes": [
              "bd457ece-f1ac-4258-bc38-2b2e22d2e54d"
            ],
            "failures": [],
            "pending": [],
            "skipped": [],
            "duration": 21,
            "root": false,
            "rootEmpty": false,
            "_timeout": 2000
          },
          {
            "uuid": "b1e38dbd-b49e-45d2-a251-3857b0897d69",
            "title": "@evaluate",
            "fullFile": "/home/kurt/Dev/js/miascript/test/src/miascript.coffee",
            "file": "/test/src/miascript.coffee",
            "beforeHooks": [],
            "afterHooks": [],
            "tests": [
              {
                "title": "should work",
                "fullTitle": "MiaScript @evaluate should work",
                "timedOut": false,
                "duration": 12,
                "state": "passed",
                "speed": "fast",
                "pass": true,
                "fail": false,
                "pending": false,
                "code": "$$.h2('Evaluation');\nreturn evaluate(data);",
                "err": {},
                "isRoot": false,
                "uuid": "c3540849-82f9-4a86-a9c9-c44059c2c44d",
                "isHook": false,
                "skipped": false
              }
            ],
            "suites": [],
            "passes": [
              "c3540849-82f9-4a86-a9c9-c44059c2c44d"
            ],
            "failures": [],
            "pending": [],
            "skipped": [],
            "duration": 12,
            "root": false,
            "rootEmpty": false,
            "_timeout": 2000
          }
        ],
        "passes": [],
        "failures": [],
        "pending": [],
        "skipped": [],
        "duration": 0,
        "root": false,
        "rootEmpty": false,
        "_timeout": 2000
      },
      {
        "uuid": "b36f30c4-4b8f-4534-b08b-63008436b071",
        "title": "Query",
        "fullFile": "/home/kurt/Dev/js/miascript/test/src/qnegclause.coffee",
        "file": "/test/src/qnegclause.coffee",
        "beforeHooks": [],
        "afterHooks": [],
        "tests": [
          {
            "title": "should work",
            "fullTitle": "Query should work",
            "timedOut": false,
            "duration": 29,
            "state": "passed",
            "speed": "fast",
            "pass": true,
            "fail": false,
            "pending": false,
            "code": "var code;\n//evaluate data\n//compile data\n$$._(JSON.stringify(parse(data), null, 2));\n//$$._ JSON.stringify (lex data), null, 2\n//$$._ transpile data\ncode = compile(data);\n$$._(code);\nreturn evaluate(data);",
            "err": {},
            "isRoot": false,
            "uuid": "79fa88d5-8f24-4c76-bdeb-e1d0b4253db1",
            "isHook": false,
            "skipped": false
          }
        ],
        "suites": [],
        "passes": [
          "79fa88d5-8f24-4c76-bdeb-e1d0b4253db1"
        ],
        "failures": [],
        "pending": [],
        "skipped": [],
        "duration": 29,
        "root": false,
        "rootEmpty": false,
        "_timeout": 2000
      },
      {
        "uuid": "8c0120a2-bf70-4484-b645-b0dd0575ead9",
        "title": "Query",
        "fullFile": "/home/kurt/Dev/js/miascript/test/src/query.coffee",
        "file": "/test/src/query.coffee",
        "beforeHooks": [],
        "afterHooks": [],
        "tests": [
          {
            "title": "should work",
            "fullTitle": "Query should work",
            "timedOut": false,
            "duration": 28,
            "state": "passed",
            "speed": "fast",
            "pass": true,
            "fail": false,
            "pending": false,
            "code": "var code;\n//evaluate data\n//compile data\n$$._(JSON.stringify(parse(data), null, 2));\n//$$._ JSON.stringify (lex data), null, 2\n//$$._ transpile data\ncode = compile(data);\n$$._(code);\nreturn evaluate(data);",
            "err": {},
            "isRoot": false,
            "uuid": "023952df-eab3-45c3-a91e-cec6f8bf5062",
            "isHook": false,
            "skipped": false
          }
        ],
        "suites": [],
        "passes": [
          "023952df-eab3-45c3-a91e-cec6f8bf5062"
        ],
        "failures": [],
        "pending": [],
        "skipped": [],
        "duration": 28,
        "root": false,
        "rootEmpty": false,
        "_timeout": 2000
      },
      {
        "uuid": "ea6989be-660d-4748-9384-0b2f5081e3c4",
        "title": "Typed",
        "fullFile": "/home/kurt/Dev/js/miascript/test/src/typed.coffee",
        "file": "/test/src/typed.coffee",
        "beforeHooks": [],
        "afterHooks": [],
        "tests": [],
        "suites": [
          {
            "uuid": "658fc3eb-856a-4461-9c3a-35483ac72f9b",
            "title": "@evaluate",
            "fullFile": "/home/kurt/Dev/js/miascript/test/src/typed.coffee",
            "file": "/test/src/typed.coffee",
            "beforeHooks": [],
            "afterHooks": [],
            "tests": [
              {
                "title": "should work",
                "fullTitle": "Typed @evaluate should work",
                "timedOut": false,
                "duration": 39,
                "state": "passed",
                "speed": "medium",
                "pass": true,
                "fail": false,
                "pending": false,
                "code": "//$$._ JSON.stringify (parse data), null, 2\n$$._(JSON.stringify(transform(data), null, 2));\n$$._(transpile(data));\n$$._(compile(data));\nreturn evaluate(data);",
                "err": {},
                "isRoot": false,
                "uuid": "e15b62bb-eaf6-4146-87ae-cab0609f120a",
                "isHook": false,
                "skipped": false
              }
            ],
            "suites": [],
            "passes": [
              "e15b62bb-eaf6-4146-87ae-cab0609f120a"
            ],
            "failures": [],
            "pending": [],
            "skipped": [],
            "duration": 39,
            "root": false,
            "rootEmpty": false,
            "_timeout": 2000
          }
        ],
        "passes": [],
        "failures": [],
        "pending": [],
        "skipped": [],
        "duration": 0,
        "root": false,
        "rootEmpty": false,
        "_timeout": 2000
      },
      {
        "uuid": "19753c26-decb-4029-9224-287268ac3e95",
        "title": "Xtra",
        "fullFile": "/home/kurt/Dev/js/miascript/test/src/xtra.coffee",
        "file": "/test/src/xtra.coffee",
        "beforeHooks": [],
        "afterHooks": [],
        "tests": [],
        "suites": [
          {
            "uuid": "c43e5473-e30e-43c5-a6a9-b7996a2326ea",
            "title": "@evaluate",
            "fullFile": "/home/kurt/Dev/js/miascript/test/src/xtra.coffee",
            "file": "/test/src/xtra.coffee",
            "beforeHooks": [],
            "afterHooks": [],
            "tests": [
              {
                "title": "should work",
                "fullTitle": "Xtra @evaluate should work",
                "timedOut": false,
                "duration": 25,
                "state": "passed",
                "speed": "fast",
                "pass": true,
                "fail": false,
                "pending": false,
                "code": "var code;\n//evaluate data\n//compile data\n$$._(JSON.stringify(parse(data), null, 2));\n$$._(transpile(data));\ncode = compile(data);\n$$._(code);\nreturn evaluate(data);",
                "err": {},
                "isRoot": false,
                "uuid": "a1ab0a8d-b89b-4a7d-bfce-085bf30717a6",
                "isHook": false,
                "skipped": false
              }
            ],
            "suites": [],
            "passes": [
              "a1ab0a8d-b89b-4a7d-bfce-085bf30717a6"
            ],
            "failures": [],
            "pending": [],
            "skipped": [],
            "duration": 25,
            "root": false,
            "rootEmpty": false,
            "_timeout": 2000
          }
        ],
        "passes": [],
        "failures": [],
        "pending": [],
        "skipped": [],
        "duration": 0,
        "root": false,
        "rootEmpty": false,
        "_timeout": 2000
      }
    ],
    "passes": [],
    "failures": [],
    "pending": [],
    "skipped": [],
    "duration": 0,
    "root": true,
    "rootEmpty": true,
    "_timeout": 2000
  },
  "copyrightYear": 2018
}